Copyright 1986-2018 Xilinx, Inc. All Rights Reserved.
--------------------------------------------------------------------------------------------------------------------------------------------------------------------------------------------------------
| Tool Version : Vivado v.2018.3 (win64) Build 2405991 Thu Dec  6 23:38:27 MST 2018
| Date         : Wed Dec  1 16:39:10 2021
| Host         : DESKTOP-18PPVG9 running 64-bit major release  (build 9200)
| Command      : report_timing_summary -max_paths 10 -file Main_tomato_timing_summary_routed.rpt -pb Main_tomato_timing_summary_routed.pb -rpx Main_tomato_timing_summary_routed.rpx -warn_on_violation
| Design       : Main_tomato
| Device       : 7a35t-csg324
| Speed File   : -1  PRODUCTION 1.23 2018-06-13
--------------------------------------------------------------------------------------------------------------------------------------------------------------------------------------------------------

Timing Summary Report

------------------------------------------------------------------------------------------------
| Timer Settings
| --------------
------------------------------------------------------------------------------------------------

  Enable Multi Corner Analysis               :  Yes
  Enable Pessimism Removal                   :  Yes
  Pessimism Removal Resolution               :  Nearest Common Node
  Enable Input Delay Default Clock           :  No
  Enable Preset / Clear Arcs                 :  No
  Disable Flight Delays                      :  No
  Ignore I/O Paths                           :  No
  Timing Early Launch at Borrowing Latches   :  false

  Corner  Analyze    Analyze    
  Name    Max Paths  Min Paths  
  ------  ---------  ---------  
  Slow    Yes        Yes        
  Fast    Yes        Yes        



check_timing report

Table of Contents
-----------------
1. checking no_clock
2. checking constant_clock
3. checking pulse_width_clock
4. checking unconstrained_internal_endpoints
5. checking no_input_delay
6. checking no_output_delay
7. checking multiple_clock
8. checking generated_clocks
9. checking loops
10. checking partial_input_delay
11. checking partial_output_delay
12. checking latch_loops

1. checking no_clock
--------------------
 There are 294 register/latch pins with no clock driven by root clock pin: clk (HIGH)

 There are 5 register/latch pins with no clock driven by root clock pin: mod_con1 (HIGH)

 There are 14 register/latch pins with no clock driven by root clock pin: driver_sec/up_reg/Q (HIGH)

 There are 7 register/latch pins with no clock driven by root clock pin: driver_sec_po/up_reg/Q (HIGH)

 There are 5 register/latch pins with no clock driven by root clock pin: m1_ztj/cnt_en_reg/Q (HIGH)

 There are 5 register/latch pins with no clock driven by root clock pin: m1_ztj/load_reg/Q (HIGH)

 There are 32 register/latch pins with no clock driven by root clock pin: mod_c/enmod_reg/Q (HIGH)

 There are 10 register/latch pins with no clock driven by root clock pin: ncnt1_60/up_reg/Q (HIGH)

 There is 1 register/latch pin with no clock driven by root clock pin: ncnt1_60/xn_reg[0]/Q (HIGH)

 There are 7 register/latch pins with no clock driven by root clock pin: ncnt1_60/xn_reg[1]/Q (HIGH)

 There are 7 register/latch pins with no clock driven by root clock pin: ncnt1_60/xn_reg[2]/Q (HIGH)

 There are 7 register/latch pins with no clock driven by root clock pin: ncnt1_60/xn_reg[3]/Q (HIGH)

 There are 7 register/latch pins with no clock driven by root clock pin: ncnt1_60/xn_reg[4]/Q (HIGH)

 There are 7 register/latch pins with no clock driven by root clock pin: ncnt1_60/xn_reg[5]/Q (HIGH)

 There is 1 register/latch pin with no clock driven by root clock pin: ncnt1_set/xn_reg[0]_C/Q (HIGH)

 There is 1 register/latch pin with no clock driven by root clock pin: ncnt1_set/xn_reg[0]_LDC/Q (HIGH)

 There is 1 register/latch pin with no clock driven by root clock pin: ncnt1_set/xn_reg[0]_P/Q (HIGH)

 There are 7 register/latch pins with no clock driven by root clock pin: ncnt1_set/xn_reg[1]_C/Q (HIGH)

 There are 7 register/latch pins with no clock driven by root clock pin: ncnt1_set/xn_reg[1]_LDC/Q (HIGH)

 There are 7 register/latch pins with no clock driven by root clock pin: ncnt1_set/xn_reg[1]_P/Q (HIGH)

 There are 7 register/latch pins with no clock driven by root clock pin: ncnt1_set/xn_reg[2]_C/Q (HIGH)

 There are 7 register/latch pins with no clock driven by root clock pin: ncnt1_set/xn_reg[2]_LDC/Q (HIGH)

 There are 7 register/latch pins with no clock driven by root clock pin: ncnt1_set/xn_reg[2]_P/Q (HIGH)

 There are 7 register/latch pins with no clock driven by root clock pin: ncnt1_set/xn_reg[3]_C/Q (HIGH)

 There are 7 register/latch pins with no clock driven by root clock pin: ncnt1_set/xn_reg[3]_LDC/Q (HIGH)

 There are 7 register/latch pins with no clock driven by root clock pin: ncnt1_set/xn_reg[3]_P/Q (HIGH)

 There are 7 register/latch pins with no clock driven by root clock pin: ncnt1_set/xn_reg[4]_C/Q (HIGH)

 There are 7 register/latch pins with no clock driven by root clock pin: ncnt1_set/xn_reg[4]_LDC/Q (HIGH)

 There are 7 register/latch pins with no clock driven by root clock pin: ncnt1_set/xn_reg[4]_P/Q (HIGH)

 There are 8 register/latch pins with no clock driven by root clock pin: ncnt2_60/up_reg/Q (HIGH)

 There is 1 register/latch pin with no clock driven by root clock pin: ncnt2_60/xn_reg[0]/Q (HIGH)

 There are 7 register/latch pins with no clock driven by root clock pin: ncnt2_60/xn_reg[1]/Q (HIGH)

 There are 7 register/latch pins with no clock driven by root clock pin: ncnt2_60/xn_reg[2]/Q (HIGH)

 There are 7 register/latch pins with no clock driven by root clock pin: ncnt2_60/xn_reg[3]/Q (HIGH)

 There are 7 register/latch pins with no clock driven by root clock pin: ncnt2_60/xn_reg[4]/Q (HIGH)

 There are 7 register/latch pins with no clock driven by root clock pin: ncnt2_60/xn_reg[5]/Q (HIGH)

 There is 1 register/latch pin with no clock driven by root clock pin: ncnt_5/sign_xn_reg[0]/Q (HIGH)

 There are 6 register/latch pins with no clock driven by root clock pin: ncnt_5/sign_xn_reg[1]/Q (HIGH)

 There are 7 register/latch pins with no clock driven by root clock pin: ncnt_5/sign_xn_reg[2]/Q (HIGH)

 There are 7 register/latch pins with no clock driven by root clock pin: ncnt_5/sign_xn_reg[3]/Q (HIGH)

 There are 6 register/latch pins with no clock driven by root clock pin: pcnt1_60/up_reg/Q (HIGH)

 There is 1 register/latch pin with no clock driven by root clock pin: pre_s/set_n_reg[0]/Q (HIGH)

 There is 1 register/latch pin with no clock driven by root clock pin: pre_s/set_n_reg[1]/Q (HIGH)

 There is 1 register/latch pin with no clock driven by root clock pin: pre_s/set_n_reg[2]/Q (HIGH)

 There is 1 register/latch pin with no clock driven by root clock pin: pre_s/set_n_reg[3]/Q (HIGH)

 There is 1 register/latch pin with no clock driven by root clock pin: pre_s/set_n_reg[4]/Q (HIGH)


2. checking constant_clock
--------------------------
 There are 0 register/latch pins with constant_clock.


3. checking pulse_width_clock
-----------------------------
 There are 0 register/latch pins which need pulse_width check


4. checking unconstrained_internal_endpoints
--------------------------------------------
 There are 803 pins that are not constrained for maximum delay. (HIGH)

 There are 0 pins that are not constrained for maximum delay due to constant clock.


5. checking no_input_delay
--------------------------
 There are 7 input ports with no input delay specified. (HIGH)

 There are 0 input ports with no input delay but user has a false path constraint.


6. checking no_output_delay
---------------------------
 There are 22 ports with no output delay specified. (HIGH)

 There are 0 ports with no output delay but user has a false path constraint

 There are 0 ports with no output delay but with a timing clock defined on it or propagating through it


7. checking multiple_clock
--------------------------
 There are 0 register/latch pins with multiple clocks.


8. checking generated_clocks
----------------------------
 There are 0 generated clocks that are not connected to a clock source.


9. checking loops
-----------------
 There are 0 combinational loops in the design.


10. checking partial_input_delay
--------------------------------
 There are 0 input ports with partial input delay specified.


11. checking partial_output_delay
---------------------------------
 There are 0 ports with partial output delay specified.


12. checking latch_loops
------------------------
 There are 0 combinational latch loops in the design through latch input



------------------------------------------------------------------------------------------------
| Design Timing Summary
| ---------------------
------------------------------------------------------------------------------------------------

    WNS(ns)      TNS(ns)  TNS Failing Endpoints  TNS Total Endpoints      WHS(ns)      THS(ns)  THS Failing Endpoints  THS Total Endpoints     WPWS(ns)     TPWS(ns)  TPWS Failing Endpoints  TPWS Total Endpoints  
    -------      -------  ---------------------  -------------------      -------      -------  ---------------------  -------------------     --------     --------  ----------------------  --------------------  
         NA           NA                     NA                   NA           NA           NA                     NA                   NA           NA           NA                      NA                    NA  


There are no user specified timing constraints.


------------------------------------------------------------------------------------------------
| Clock Summary
| -------------
------------------------------------------------------------------------------------------------


------------------------------------------------------------------------------------------------
| Intra Clock Table
| -----------------
------------------------------------------------------------------------------------------------

Clock             WNS(ns)      TNS(ns)  TNS Failing Endpoints  TNS Total Endpoints      WHS(ns)      THS(ns)  THS Failing Endpoints  THS Total Endpoints     WPWS(ns)     TPWS(ns)  TPWS Failing Endpoints  TPWS Total Endpoints  
-----             -------      -------  ---------------------  -------------------      -------      -------  ---------------------  -------------------     --------     --------  ----------------------  --------------------  


------------------------------------------------------------------------------------------------
| Inter Clock Table
| -----------------
------------------------------------------------------------------------------------------------

From Clock    To Clock          WNS(ns)      TNS(ns)  TNS Failing Endpoints  TNS Total Endpoints      WHS(ns)      THS(ns)  THS Failing Endpoints  THS Total Endpoints  
----------    --------          -------      -------  ---------------------  -------------------      -------      -------  ---------------------  -------------------  


------------------------------------------------------------------------------------------------
| Other Path Groups Table
| -----------------------
------------------------------------------------------------------------------------------------

Path Group    From Clock    To Clock          WNS(ns)      TNS(ns)  TNS Failing Endpoints  TNS Total Endpoints      WHS(ns)      THS(ns)  THS Failing Endpoints  THS Total Endpoints  
----------    ----------    --------          -------      -------  ---------------------  -------------------      -------      -------  ---------------------  -------------------  


------------------------------------------------------------------------------------------------
| Timing Details
| --------------
------------------------------------------------------------------------------------------------


