#-----------------------------------------------------------
# Vivado v2018.3 (64-bit)
# SW Build 2405991 on Thu Dec  6 23:38:27 MST 2018
# IP Build 2404404 on Fri Dec  7 01:43:56 MST 2018
# Start of session at: Thu Dec  2 21:44:40 2021
# Process ID: 2812
# Current directory: C:/Users/Administrator/Desktop/Vivado/project_tomato_Chuheng
# Command line: vivado.exe -gui_launcher_event rodinguilauncherevent2780 C:\Users\Administrator\Desktop\Vivado\project_tomato_Chuheng\project_tomato_Chuheng.xpr
# Log file: C:/Users/Administrator/Desktop/Vivado/project_tomato_Chuheng/vivado.log
# Journal file: C:/Users/Administrator/Desktop/Vivado/project_tomato_Chuheng\vivado.jou
#-----------------------------------------------------------
start_gui
open_project C:/Users/Administrator/Desktop/Vivado/project_tomato_Chuheng/project_tomato_Chuheng.xpr
Scanning sources...
Finished scanning sources
INFO: [IP_Flow 19-234] Refreshing IP repositories
INFO: [IP_Flow 19-1704] No user IP repositories specified
INFO: [IP_Flow 19-2313] Loaded Vivado IP repository 'D:/VivadoSetup/Vivado/2018.3/data/ip'.
open_project: Time (s): cpu = 00:00:17 ; elapsed = 00:00:25 . Memory (MB): peak = 693.285 ; gain = 111.367
update_compile_order -fileset sources_1
synth_design -rtl -name rtl_1
Command: synth_design -rtl -name rtl_1
Starting synth_design
Using part: xc7a35tcsg324-1
Top: Main_tomato
---------------------------------------------------------------------------------
Starting RTL Elaboration : Time (s): cpu = 00:00:03 ; elapsed = 00:00:03 . Memory (MB): peak = 766.488 ; gain = 64.449
---------------------------------------------------------------------------------
INFO: [Synth 8-6157] synthesizing module 'Main_tomato' [C:/Users/Administrator/Desktop/Vivado/project_tomato_Chuheng/project_tomato_Chuheng.srcs/sources_1/new/Main_tomato.v:1]
	Parameter Mod1 bound to: 0 - type: integer 
	Parameter Mod2 bound to: 1 - type: integer 
INFO: [Synth 8-6157] synthesizing module 'Mod_control' [C:/Users/Administrator/Desktop/Vivado/project_tomato_Chuheng/project_tomato_Chuheng.srcs/sources_1/new/Mod_control.v:1]
	Parameter Mod1 bound to: 0 - type: integer 
	Parameter Mod2 bound to: 1 - type: integer 
INFO: [Synth 8-6155] done synthesizing module 'Mod_control' (1#1) [C:/Users/Administrator/Desktop/Vivado/project_tomato_Chuheng/project_tomato_Chuheng.srcs/sources_1/new/Mod_control.v:1]
INFO: [Synth 8-6157] synthesizing module 'Button_detect' [C:/Users/Administrator/Desktop/Vivado/project_tomato_Chuheng/project_tomato_Chuheng.srcs/sources_1/new/Button_detect.v:1]
INFO: [Synth 8-6155] done synthesizing module 'Button_detect' (2#1) [C:/Users/Administrator/Desktop/Vivado/project_tomato_Chuheng/project_tomato_Chuheng.srcs/sources_1/new/Button_detect.v:1]
INFO: [Synth 8-6157] synthesizing module 'Detect' [C:/Users/Administrator/Desktop/Vivado/project_tomato_Chuheng/project_tomato_Chuheng.srcs/sources_1/new/Detect.v:23]
INFO: [Synth 8-6155] done synthesizing module 'Detect' (3#1) [C:/Users/Administrator/Desktop/Vivado/project_tomato_Chuheng/project_tomato_Chuheng.srcs/sources_1/new/Detect.v:23]
INFO: [Synth 8-6157] synthesizing module 'Mod1_ztj' [C:/Users/Administrator/Desktop/Vivado/project_tomato_Chuheng/project_tomato_Chuheng.srcs/sources_1/new/Mod1_ztj.v:1]
	Parameter WORK_INIT bound to: 2'b00 
	Parameter PAUSE bound to: 2'b01 
	Parameter COUNT bound to: 2'b11 
INFO: [Synth 8-6155] done synthesizing module 'Mod1_ztj' (4#1) [C:/Users/Administrator/Desktop/Vivado/project_tomato_Chuheng/project_tomato_Chuheng.srcs/sources_1/new/Mod1_ztj.v:1]
INFO: [Synth 8-6157] synthesizing module 'Sec_pulse' [C:/Users/Administrator/Desktop/Vivado/project_tomato_Chuheng/project_tomato_Chuheng.srcs/sources_1/new/Sec_pulse.v:1]
	Parameter Mm bound to: 1000000 - type: integer 
CRITICAL WARNING: [Synth 8-5413] Mix of synchronous and asynchronous control for register up_reg in module Sec_pulse. [C:/Users/Administrator/Desktop/Vivado/project_tomato_Chuheng/project_tomato_Chuheng.srcs/sources_1/new/Sec_pulse.v:31]
INFO: [Synth 8-6155] done synthesizing module 'Sec_pulse' (5#1) [C:/Users/Administrator/Desktop/Vivado/project_tomato_Chuheng/project_tomato_Chuheng.srcs/sources_1/new/Sec_pulse.v:1]
INFO: [Synth 8-6157] synthesizing module 'Negecount_60' [C:/Users/Administrator/Desktop/Vivado/project_tomato_Chuheng/project_tomato_Chuheng.srcs/sources_1/new/Negecount_60.v:1]
	Parameter Xx bound to: 60 - type: integer 
CRITICAL WARNING: [Synth 8-5413] Mix of synchronous and asynchronous control for register up_reg in module Negecount_60. [C:/Users/Administrator/Desktop/Vivado/project_tomato_Chuheng/project_tomato_Chuheng.srcs/sources_1/new/Negecount_60.v:43]
INFO: [Synth 8-6155] done synthesizing module 'Negecount_60' (6#1) [C:/Users/Administrator/Desktop/Vivado/project_tomato_Chuheng/project_tomato_Chuheng.srcs/sources_1/new/Negecount_60.v:1]
INFO: [Synth 8-6157] synthesizing module 'Preset_num' [C:/Users/Administrator/Desktop/Vivado/project_tomato_Chuheng/project_tomato_Chuheng.srcs/sources_1/new/Preset_num.v:23]
	Parameter Xx bound to: 25 - type: integer 
WARNING: [Synth 8-5788] Register set_n_reg in module Preset_num is has both Set and reset with same priority. This may cause simulation mismatches. Consider rewriting code  [C:/Users/Administrator/Desktop/Vivado/project_tomato_Chuheng/project_tomato_Chuheng.srcs/sources_1/new/Preset_num.v:41]
INFO: [Synth 8-6155] done synthesizing module 'Preset_num' (7#1) [C:/Users/Administrator/Desktop/Vivado/project_tomato_Chuheng/project_tomato_Chuheng.srcs/sources_1/new/Preset_num.v:23]
INFO: [Synth 8-6157] synthesizing module 'Negecount1_preset' [C:/Users/Administrator/Desktop/Vivado/project_tomato_Chuheng/project_tomato_Chuheng.srcs/sources_1/new/Negecount1_preset.v:23]
	Parameter Xx bound to: 25 - type: integer 
WARNING: [Synth 8-5788] Register xn_reg in module Negecount1_preset is has both Set and reset with same priority. This may cause simulation mismatches. Consider rewriting code  [C:/Users/Administrator/Desktop/Vivado/project_tomato_Chuheng/project_tomato_Chuheng.srcs/sources_1/new/Negecount1_preset.v:47]
INFO: [Synth 8-6155] done synthesizing module 'Negecount1_preset' (8#1) [C:/Users/Administrator/Desktop/Vivado/project_tomato_Chuheng/project_tomato_Chuheng.srcs/sources_1/new/Negecount1_preset.v:23]
WARNING: [Synth 8-350] instance 'ncnt1_set' of module 'Negecount1_preset' requires 9 connections, but only 7 given [C:/Users/Administrator/Desktop/Vivado/project_tomato_Chuheng/project_tomato_Chuheng.srcs/sources_1/new/Main_tomato.v:95]
INFO: [Synth 8-6157] synthesizing module 'Negecount2_60' [C:/Users/Administrator/Desktop/Vivado/project_tomato_Chuheng/project_tomato_Chuheng.srcs/sources_1/new/Negecount2_60.v:1]
	Parameter Xx bound to: 60 - type: integer 
CRITICAL WARNING: [Synth 8-5413] Mix of synchronous and asynchronous control for register xn_reg in module Negecount2_60. [C:/Users/Administrator/Desktop/Vivado/project_tomato_Chuheng/project_tomato_Chuheng.srcs/sources_1/new/Negecount2_60.v:27]
CRITICAL WARNING: [Synth 8-5413] Mix of synchronous and asynchronous control for register up_reg in module Negecount2_60. [C:/Users/Administrator/Desktop/Vivado/project_tomato_Chuheng/project_tomato_Chuheng.srcs/sources_1/new/Negecount2_60.v:41]
INFO: [Synth 8-6155] done synthesizing module 'Negecount2_60' (9#1) [C:/Users/Administrator/Desktop/Vivado/project_tomato_Chuheng/project_tomato_Chuheng.srcs/sources_1/new/Negecount2_60.v:1]
INFO: [Synth 8-6157] synthesizing module 'Negecount_5' [C:/Users/Administrator/Desktop/Vivado/project_tomato_Chuheng/project_tomato_Chuheng.srcs/sources_1/new/Negecount_5.v:1]
	Parameter Xx bound to: 6 - type: integer 
CRITICAL WARNING: [Synth 8-5413] Mix of synchronous and asynchronous control for register xn_reg in module Negecount_5. [C:/Users/Administrator/Desktop/Vivado/project_tomato_Chuheng/project_tomato_Chuheng.srcs/sources_1/new/Negecount_5.v:32]
CRITICAL WARNING: [Synth 8-5413] Mix of synchronous and asynchronous control for register sign_xn_reg in module Negecount_5. [C:/Users/Administrator/Desktop/Vivado/project_tomato_Chuheng/project_tomato_Chuheng.srcs/sources_1/new/Negecount_5.v:32]
INFO: [Synth 8-6155] done synthesizing module 'Negecount_5' (10#1) [C:/Users/Administrator/Desktop/Vivado/project_tomato_Chuheng/project_tomato_Chuheng.srcs/sources_1/new/Negecount_5.v:1]
INFO: [Synth 8-6157] synthesizing module 'Mod2_ztj' [C:/Users/Administrator/Desktop/Vivado/project_tomato_Chuheng/project_tomato_Chuheng.srcs/sources_1/new/Mod2_ztj.v:1]
	Parameter WORK_INIT bound to: 2'b00 
	Parameter PAUSE bound to: 2'b01 
	Parameter COUNT bound to: 2'b11 
	Parameter READ bound to: 2'b10 
INFO: [Synth 8-226] default block is never used [C:/Users/Administrator/Desktop/Vivado/project_tomato_Chuheng/project_tomato_Chuheng.srcs/sources_1/new/Mod2_ztj.v:26]
INFO: [Synth 8-226] default block is never used [C:/Users/Administrator/Desktop/Vivado/project_tomato_Chuheng/project_tomato_Chuheng.srcs/sources_1/new/Mod2_ztj.v:42]
INFO: [Synth 8-6155] done synthesizing module 'Mod2_ztj' (11#1) [C:/Users/Administrator/Desktop/Vivado/project_tomato_Chuheng/project_tomato_Chuheng.srcs/sources_1/new/Mod2_ztj.v:1]
INFO: [Synth 8-6157] synthesizing module 'Posecount_60' [C:/Users/Administrator/Desktop/Vivado/project_tomato_Chuheng/project_tomato_Chuheng.srcs/sources_1/new/Posecount_60.v:1]
	Parameter Xx bound to: 60 - type: integer 
CRITICAL WARNING: [Synth 8-5413] Mix of synchronous and asynchronous control for register up_reg in module Posecount_60. [C:/Users/Administrator/Desktop/Vivado/project_tomato_Chuheng/project_tomato_Chuheng.srcs/sources_1/new/Posecount_60.v:44]
INFO: [Synth 8-6155] done synthesizing module 'Posecount_60' (12#1) [C:/Users/Administrator/Desktop/Vivado/project_tomato_Chuheng/project_tomato_Chuheng.srcs/sources_1/new/Posecount_60.v:1]
INFO: [Synth 8-6157] synthesizing module 'Posecount_30' [C:/Users/Administrator/Desktop/Vivado/project_tomato_Chuheng/project_tomato_Chuheng.srcs/sources_1/new/Posecount_30.v:23]
	Parameter Xx bound to: 30 - type: integer 
INFO: [Synth 8-6155] done synthesizing module 'Posecount_30' (13#1) [C:/Users/Administrator/Desktop/Vivado/project_tomato_Chuheng/project_tomato_Chuheng.srcs/sources_1/new/Posecount_30.v:23]
WARNING: [Synth 8-350] instance 'pcnt_30' of module 'Posecount_30' requires 8 connections, but only 7 given [C:/Users/Administrator/Desktop/Vivado/project_tomato_Chuheng/project_tomato_Chuheng.srcs/sources_1/new/Main_tomato.v:145]
INFO: [Synth 8-6157] synthesizing module 'Read' [C:/Users/Administrator/Desktop/Vivado/project_tomato_Chuheng/project_tomato_Chuheng.srcs/sources_1/new/Read.v:23]
WARNING: [Synth 8-5788] Register k_reg in module Read is has both Set and reset with same priority. This may cause simulation mismatches. Consider rewriting code  [C:/Users/Administrator/Desktop/Vivado/project_tomato_Chuheng/project_tomato_Chuheng.srcs/sources_1/new/Read.v:45]
WARNING: [Synth 8-5788] Register rk_reg in module Read is has both Set and reset with same priority. This may cause simulation mismatches. Consider rewriting code  [C:/Users/Administrator/Desktop/Vivado/project_tomato_Chuheng/project_tomato_Chuheng.srcs/sources_1/new/Read.v:45]
WARNING: [Synth 8-5788] Register x_7_reg in module Read is has both Set and reset with same priority. This may cause simulation mismatches. Consider rewriting code  [C:/Users/Administrator/Desktop/Vivado/project_tomato_Chuheng/project_tomato_Chuheng.srcs/sources_1/new/Read.v:45]
WARNING: [Synth 8-5788] Register x_8_reg in module Read is has both Set and reset with same priority. This may cause simulation mismatches. Consider rewriting code  [C:/Users/Administrator/Desktop/Vivado/project_tomato_Chuheng/project_tomato_Chuheng.srcs/sources_1/new/Read.v:45]
INFO: [Synth 8-6155] done synthesizing module 'Read' (14#1) [C:/Users/Administrator/Desktop/Vivado/project_tomato_Chuheng/project_tomato_Chuheng.srcs/sources_1/new/Read.v:23]
INFO: [Synth 8-6157] synthesizing module 'Display_x7seg' [C:/Users/Administrator/Desktop/Vivado/project_tomato_Chuheng/project_tomato_Chuheng.srcs/sources_1/new/Display_x7seg.v:23]
INFO: [Synth 8-226] default block is never used [C:/Users/Administrator/Desktop/Vivado/project_tomato_Chuheng/project_tomato_Chuheng.srcs/sources_1/new/Display_x7seg.v:51]
INFO: [Synth 8-226] default block is never used [C:/Users/Administrator/Desktop/Vivado/project_tomato_Chuheng/project_tomato_Chuheng.srcs/sources_1/new/Display_x7seg.v:65]
INFO: [Synth 8-6155] done synthesizing module 'Display_x7seg' (15#1) [C:/Users/Administrator/Desktop/Vivado/project_tomato_Chuheng/project_tomato_Chuheng.srcs/sources_1/new/Display_x7seg.v:23]
WARNING: [Synth 8-689] width (4) of port connection 'an' does not match port width (8) of module 'Display_x7seg' [C:/Users/Administrator/Desktop/Vivado/project_tomato_Chuheng/project_tomato_Chuheng.srcs/sources_1/new/Main_tomato.v:181]
WARNING: [Synth 8-689] width (4) of port connection 'an' does not match port width (8) of module 'Display_x7seg' [C:/Users/Administrator/Desktop/Vivado/project_tomato_Chuheng/project_tomato_Chuheng.srcs/sources_1/new/Main_tomato.v:188]
WARNING: [Synth 8-5788] Register x_1_reg in module Main_tomato is has both Set and reset with same priority. This may cause simulation mismatches. Consider rewriting code  [C:/Users/Administrator/Desktop/Vivado/project_tomato_Chuheng/project_tomato_Chuheng.srcs/sources_1/new/Main_tomato.v:171]
WARNING: [Synth 8-5788] Register x_2_reg in module Main_tomato is has both Set and reset with same priority. This may cause simulation mismatches. Consider rewriting code  [C:/Users/Administrator/Desktop/Vivado/project_tomato_Chuheng/project_tomato_Chuheng.srcs/sources_1/new/Main_tomato.v:171]
WARNING: [Synth 8-5788] Register x_3_reg in module Main_tomato is has both Set and reset with same priority. This may cause simulation mismatches. Consider rewriting code  [C:/Users/Administrator/Desktop/Vivado/project_tomato_Chuheng/project_tomato_Chuheng.srcs/sources_1/new/Main_tomato.v:171]
WARNING: [Synth 8-5788] Register x_4_reg in module Main_tomato is has both Set and reset with same priority. This may cause simulation mismatches. Consider rewriting code  [C:/Users/Administrator/Desktop/Vivado/project_tomato_Chuheng/project_tomato_Chuheng.srcs/sources_1/new/Main_tomato.v:171]
WARNING: [Synth 8-3848] Net led in module/entity Main_tomato does not have driver. [C:/Users/Administrator/Desktop/Vivado/project_tomato_Chuheng/project_tomato_Chuheng.srcs/sources_1/new/Main_tomato.v:12]
INFO: [Synth 8-6155] done synthesizing module 'Main_tomato' (16#1) [C:/Users/Administrator/Desktop/Vivado/project_tomato_Chuheng/project_tomato_Chuheng.srcs/sources_1/new/Main_tomato.v:1]
WARNING: [Synth 8-3331] design Posecount_30 has unconnected port clk
WARNING: [Synth 8-3331] design Posecount_60 has unconnected port clk
WARNING: [Synth 8-3331] design Negecount_5 has unconnected port clk
WARNING: [Synth 8-3331] design Negecount2_60 has unconnected port clk
WARNING: [Synth 8-3331] design Negecount1_preset has unconnected port clk
WARNING: [Synth 8-3331] design Negecount1_preset has unconnected port preset[7]
WARNING: [Synth 8-3331] design Negecount1_preset has unconnected port preset[6]
WARNING: [Synth 8-3331] design Negecount1_preset has unconnected port preset[5]
WARNING: [Synth 8-3331] design Negecount1_preset has unconnected port upset
WARNING: [Synth 8-3331] design Negecount1_preset has unconnected port downset
WARNING: [Synth 8-3331] design Negecount_60 has unconnected port clk
WARNING: [Synth 8-3331] design Main_tomato has unconnected port led[7]
WARNING: [Synth 8-3331] design Main_tomato has unconnected port led[6]
WARNING: [Synth 8-3331] design Main_tomato has unconnected port led[5]
WARNING: [Synth 8-3331] design Main_tomato has unconnected port led[4]
WARNING: [Synth 8-3331] design Main_tomato has unconnected port led[3]
WARNING: [Synth 8-3331] design Main_tomato has unconnected port led[2]
WARNING: [Synth 8-3331] design Main_tomato has unconnected port led[1]
WARNING: [Synth 8-3331] design Main_tomato has unconnected port led[0]
---------------------------------------------------------------------------------
Finished RTL Elaboration : Time (s): cpu = 00:00:04 ; elapsed = 00:00:04 . Memory (MB): peak = 804.781 ; gain = 102.742
---------------------------------------------------------------------------------

Report Check Netlist: 
+------+------------------+-------+---------+-------+------------------+
|      |Item              |Errors |Warnings |Status |Description       |
+------+------------------+-------+---------+-------+------------------+
|1     |multi_driven_nets |      0|        0|Passed |Multi driven nets |
+------+------------------+-------+---------+-------+------------------+
---------------------------------------------------------------------------------
Start Handling Custom Attributes
---------------------------------------------------------------------------------
---------------------------------------------------------------------------------
Finished Handling Custom Attributes : Time (s): cpu = 00:00:04 ; elapsed = 00:00:05 . Memory (MB): peak = 804.781 ; gain = 102.742
---------------------------------------------------------------------------------
---------------------------------------------------------------------------------
Finished RTL Optimization Phase 1 : Time (s): cpu = 00:00:04 ; elapsed = 00:00:05 . Memory (MB): peak = 804.781 ; gain = 102.742
---------------------------------------------------------------------------------
INFO: [Device 21-403] Loading part xc7a35tcsg324-1
INFO: [Project 1-570] Preparing netlist for logic optimization

Processing XDC Constraints
Initializing timing engine
Parsing XDC File [C:/Users/Administrator/Desktop/Vivado/project_tomato_Chuheng/project_tomato_Chuheng.srcs/constrs_1/new/project_tomato_CH.xdc]
WARNING: [Vivado 12-584] No ports matched 'a_to_g[6]'. [C:/Users/Administrator/Desktop/Vivado/project_tomato_Chuheng/project_tomato_Chuheng.srcs/constrs_1/new/project_tomato_CH.xdc:1]
CRITICAL WARNING: [Common 17-55] 'set_property' expects at least one object. [C:/Users/Administrator/Desktop/Vivado/project_tomato_Chuheng/project_tomato_Chuheng.srcs/constrs_1/new/project_tomato_CH.xdc:1]
Resolution: If [get_<value>] was used to populate the object, check to make sure this command returns at least one valid object.
WARNING: [Vivado 12-584] No ports matched 'a_to_g[5]'. [C:/Users/Administrator/Desktop/Vivado/project_tomato_Chuheng/project_tomato_Chuheng.srcs/constrs_1/new/project_tomato_CH.xdc:2]
CRITICAL WARNING: [Common 17-55] 'set_property' expects at least one object. [C:/Users/Administrator/Desktop/Vivado/project_tomato_Chuheng/project_tomato_Chuheng.srcs/constrs_1/new/project_tomato_CH.xdc:2]
Resolution: If [get_<value>] was used to populate the object, check to make sure this command returns at least one valid object.
WARNING: [Vivado 12-584] No ports matched 'a_to_g[4]'. [C:/Users/Administrator/Desktop/Vivado/project_tomato_Chuheng/project_tomato_Chuheng.srcs/constrs_1/new/project_tomato_CH.xdc:3]
CRITICAL WARNING: [Common 17-55] 'set_property' expects at least one object. [C:/Users/Administrator/Desktop/Vivado/project_tomato_Chuheng/project_tomato_Chuheng.srcs/constrs_1/new/project_tomato_CH.xdc:3]
Resolution: If [get_<value>] was used to populate the object, check to make sure this command returns at least one valid object.
WARNING: [Vivado 12-584] No ports matched 'a_to_g[3]'. [C:/Users/Administrator/Desktop/Vivado/project_tomato_Chuheng/project_tomato_Chuheng.srcs/constrs_1/new/project_tomato_CH.xdc:4]
CRITICAL WARNING: [Common 17-55] 'set_property' expects at least one object. [C:/Users/Administrator/Desktop/Vivado/project_tomato_Chuheng/project_tomato_Chuheng.srcs/constrs_1/new/project_tomato_CH.xdc:4]
Resolution: If [get_<value>] was used to populate the object, check to make sure this command returns at least one valid object.
WARNING: [Vivado 12-584] No ports matched 'a_to_g[2]'. [C:/Users/Administrator/Desktop/Vivado/project_tomato_Chuheng/project_tomato_Chuheng.srcs/constrs_1/new/project_tomato_CH.xdc:5]
CRITICAL WARNING: [Common 17-55] 'set_property' expects at least one object. [C:/Users/Administrator/Desktop/Vivado/project_tomato_Chuheng/project_tomato_Chuheng.srcs/constrs_1/new/project_tomato_CH.xdc:5]
Resolution: If [get_<value>] was used to populate the object, check to make sure this command returns at least one valid object.
WARNING: [Vivado 12-584] No ports matched 'a_to_g[1]'. [C:/Users/Administrator/Desktop/Vivado/project_tomato_Chuheng/project_tomato_Chuheng.srcs/constrs_1/new/project_tomato_CH.xdc:6]
CRITICAL WARNING: [Common 17-55] 'set_property' expects at least one object. [C:/Users/Administrator/Desktop/Vivado/project_tomato_Chuheng/project_tomato_Chuheng.srcs/constrs_1/new/project_tomato_CH.xdc:6]
Resolution: If [get_<value>] was used to populate the object, check to make sure this command returns at least one valid object.
WARNING: [Vivado 12-584] No ports matched 'a_to_g[0]'. [C:/Users/Administrator/Desktop/Vivado/project_tomato_Chuheng/project_tomato_Chuheng.srcs/constrs_1/new/project_tomato_CH.xdc:7]
CRITICAL WARNING: [Common 17-55] 'set_property' expects at least one object. [C:/Users/Administrator/Desktop/Vivado/project_tomato_Chuheng/project_tomato_Chuheng.srcs/constrs_1/new/project_tomato_CH.xdc:7]
Resolution: If [get_<value>] was used to populate the object, check to make sure this command returns at least one valid object.
WARNING: [Vivado 12-584] No ports matched 'an[7]'. [C:/Users/Administrator/Desktop/Vivado/project_tomato_Chuheng/project_tomato_Chuheng.srcs/constrs_1/new/project_tomato_CH.xdc:8]
CRITICAL WARNING: [Common 17-55] 'set_property' expects at least one object. [C:/Users/Administrator/Desktop/Vivado/project_tomato_Chuheng/project_tomato_Chuheng.srcs/constrs_1/new/project_tomato_CH.xdc:8]
Resolution: If [get_<value>] was used to populate the object, check to make sure this command returns at least one valid object.
WARNING: [Vivado 12-584] No ports matched 'an[6]'. [C:/Users/Administrator/Desktop/Vivado/project_tomato_Chuheng/project_tomato_Chuheng.srcs/constrs_1/new/project_tomato_CH.xdc:9]
CRITICAL WARNING: [Common 17-55] 'set_property' expects at least one object. [C:/Users/Administrator/Desktop/Vivado/project_tomato_Chuheng/project_tomato_Chuheng.srcs/constrs_1/new/project_tomato_CH.xdc:9]
Resolution: If [get_<value>] was used to populate the object, check to make sure this command returns at least one valid object.
WARNING: [Vivado 12-584] No ports matched 'an[5]'. [C:/Users/Administrator/Desktop/Vivado/project_tomato_Chuheng/project_tomato_Chuheng.srcs/constrs_1/new/project_tomato_CH.xdc:10]
CRITICAL WARNING: [Common 17-55] 'set_property' expects at least one object. [C:/Users/Administrator/Desktop/Vivado/project_tomato_Chuheng/project_tomato_Chuheng.srcs/constrs_1/new/project_tomato_CH.xdc:10]
Resolution: If [get_<value>] was used to populate the object, check to make sure this command returns at least one valid object.
WARNING: [Vivado 12-584] No ports matched 'an[4]'. [C:/Users/Administrator/Desktop/Vivado/project_tomato_Chuheng/project_tomato_Chuheng.srcs/constrs_1/new/project_tomato_CH.xdc:11]
CRITICAL WARNING: [Common 17-55] 'set_property' expects at least one object. [C:/Users/Administrator/Desktop/Vivado/project_tomato_Chuheng/project_tomato_Chuheng.srcs/constrs_1/new/project_tomato_CH.xdc:11]
Resolution: If [get_<value>] was used to populate the object, check to make sure this command returns at least one valid object.
WARNING: [Vivado 12-584] No ports matched 'an[3]'. [C:/Users/Administrator/Desktop/Vivado/project_tomato_Chuheng/project_tomato_Chuheng.srcs/constrs_1/new/project_tomato_CH.xdc:12]
CRITICAL WARNING: [Common 17-55] 'set_property' expects at least one object. [C:/Users/Administrator/Desktop/Vivado/project_tomato_Chuheng/project_tomato_Chuheng.srcs/constrs_1/new/project_tomato_CH.xdc:12]
Resolution: If [get_<value>] was used to populate the object, check to make sure this command returns at least one valid object.
WARNING: [Vivado 12-584] No ports matched 'an[2]'. [C:/Users/Administrator/Desktop/Vivado/project_tomato_Chuheng/project_tomato_Chuheng.srcs/constrs_1/new/project_tomato_CH.xdc:13]
CRITICAL WARNING: [Common 17-55] 'set_property' expects at least one object. [C:/Users/Administrator/Desktop/Vivado/project_tomato_Chuheng/project_tomato_Chuheng.srcs/constrs_1/new/project_tomato_CH.xdc:13]
Resolution: If [get_<value>] was used to populate the object, check to make sure this command returns at least one valid object.
WARNING: [Vivado 12-584] No ports matched 'an[1]'. [C:/Users/Administrator/Desktop/Vivado/project_tomato_Chuheng/project_tomato_Chuheng.srcs/constrs_1/new/project_tomato_CH.xdc:14]
CRITICAL WARNING: [Common 17-55] 'set_property' expects at least one object. [C:/Users/Administrator/Desktop/Vivado/project_tomato_Chuheng/project_tomato_Chuheng.srcs/constrs_1/new/project_tomato_CH.xdc:14]
Resolution: If [get_<value>] was used to populate the object, check to make sure this command returns at least one valid object.
WARNING: [Vivado 12-584] No ports matched 'an[0]'. [C:/Users/Administrator/Desktop/Vivado/project_tomato_Chuheng/project_tomato_Chuheng.srcs/constrs_1/new/project_tomato_CH.xdc:15]
CRITICAL WARNING: [Common 17-55] 'set_property' expects at least one object. [C:/Users/Administrator/Desktop/Vivado/project_tomato_Chuheng/project_tomato_Chuheng.srcs/constrs_1/new/project_tomato_CH.xdc:15]
Resolution: If [get_<value>] was used to populate the object, check to make sure this command returns at least one valid object.
WARNING: [Vivado 12-584] No ports matched 'a_to_g[6]'. [C:/Users/Administrator/Desktop/Vivado/project_tomato_Chuheng/project_tomato_Chuheng.srcs/constrs_1/new/project_tomato_CH.xdc:32]
CRITICAL WARNING: [Common 17-55] 'set_property' expects at least one object. [C:/Users/Administrator/Desktop/Vivado/project_tomato_Chuheng/project_tomato_Chuheng.srcs/constrs_1/new/project_tomato_CH.xdc:32]
Resolution: If [get_<value>] was used to populate the object, check to make sure this command returns at least one valid object.
WARNING: [Vivado 12-584] No ports matched 'a_to_g[5]'. [C:/Users/Administrator/Desktop/Vivado/project_tomato_Chuheng/project_tomato_Chuheng.srcs/constrs_1/new/project_tomato_CH.xdc:33]
CRITICAL WARNING: [Common 17-55] 'set_property' expects at least one object. [C:/Users/Administrator/Desktop/Vivado/project_tomato_Chuheng/project_tomato_Chuheng.srcs/constrs_1/new/project_tomato_CH.xdc:33]
Resolution: If [get_<value>] was used to populate the object, check to make sure this command returns at least one valid object.
WARNING: [Vivado 12-584] No ports matched 'a_to_g[4]'. [C:/Users/Administrator/Desktop/Vivado/project_tomato_Chuheng/project_tomato_Chuheng.srcs/constrs_1/new/project_tomato_CH.xdc:34]
CRITICAL WARNING: [Common 17-55] 'set_property' expects at least one object. [C:/Users/Administrator/Desktop/Vivado/project_tomato_Chuheng/project_tomato_Chuheng.srcs/constrs_1/new/project_tomato_CH.xdc:34]
Resolution: If [get_<value>] was used to populate the object, check to make sure this command returns at least one valid object.
WARNING: [Vivado 12-584] No ports matched 'a_to_g[3]'. [C:/Users/Administrator/Desktop/Vivado/project_tomato_Chuheng/project_tomato_Chuheng.srcs/constrs_1/new/project_tomato_CH.xdc:35]
CRITICAL WARNING: [Common 17-55] 'set_property' expects at least one object. [C:/Users/Administrator/Desktop/Vivado/project_tomato_Chuheng/project_tomato_Chuheng.srcs/constrs_1/new/project_tomato_CH.xdc:35]
Resolution: If [get_<value>] was used to populate the object, check to make sure this command returns at least one valid object.
WARNING: [Vivado 12-584] No ports matched 'a_to_g[2]'. [C:/Users/Administrator/Desktop/Vivado/project_tomato_Chuheng/project_tomato_Chuheng.srcs/constrs_1/new/project_tomato_CH.xdc:36]
CRITICAL WARNING: [Common 17-55] 'set_property' expects at least one object. [C:/Users/Administrator/Desktop/Vivado/project_tomato_Chuheng/project_tomato_Chuheng.srcs/constrs_1/new/project_tomato_CH.xdc:36]
Resolution: If [get_<value>] was used to populate the object, check to make sure this command returns at least one valid object.
WARNING: [Vivado 12-584] No ports matched 'a_to_g[1]'. [C:/Users/Administrator/Desktop/Vivado/project_tomato_Chuheng/project_tomato_Chuheng.srcs/constrs_1/new/project_tomato_CH.xdc:37]
CRITICAL WARNING: [Common 17-55] 'set_property' expects at least one object. [C:/Users/Administrator/Desktop/Vivado/project_tomato_Chuheng/project_tomato_Chuheng.srcs/constrs_1/new/project_tomato_CH.xdc:37]
Resolution: If [get_<value>] was used to populate the object, check to make sure this command returns at least one valid object.
WARNING: [Vivado 12-584] No ports matched 'a_to_g[0]'. [C:/Users/Administrator/Desktop/Vivado/project_tomato_Chuheng/project_tomato_Chuheng.srcs/constrs_1/new/project_tomato_CH.xdc:38]
CRITICAL WARNING: [Common 17-55] 'set_property' expects at least one object. [C:/Users/Administrator/Desktop/Vivado/project_tomato_Chuheng/project_tomato_Chuheng.srcs/constrs_1/new/project_tomato_CH.xdc:38]
Resolution: If [get_<value>] was used to populate the object, check to make sure this command returns at least one valid object.
WARNING: [Vivado 12-584] No ports matched 'an[7]'. [C:/Users/Administrator/Desktop/Vivado/project_tomato_Chuheng/project_tomato_Chuheng.srcs/constrs_1/new/project_tomato_CH.xdc:39]
CRITICAL WARNING: [Common 17-55] 'set_property' expects at least one object. [C:/Users/Administrator/Desktop/Vivado/project_tomato_Chuheng/project_tomato_Chuheng.srcs/constrs_1/new/project_tomato_CH.xdc:39]
Resolution: If [get_<value>] was used to populate the object, check to make sure this command returns at least one valid object.
WARNING: [Vivado 12-584] No ports matched 'an[6]'. [C:/Users/Administrator/Desktop/Vivado/project_tomato_Chuheng/project_tomato_Chuheng.srcs/constrs_1/new/project_tomato_CH.xdc:40]
CRITICAL WARNING: [Common 17-55] 'set_property' expects at least one object. [C:/Users/Administrator/Desktop/Vivado/project_tomato_Chuheng/project_tomato_Chuheng.srcs/constrs_1/new/project_tomato_CH.xdc:40]
Resolution: If [get_<value>] was used to populate the object, check to make sure this command returns at least one valid object.
WARNING: [Vivado 12-584] No ports matched 'an[5]'. [C:/Users/Administrator/Desktop/Vivado/project_tomato_Chuheng/project_tomato_Chuheng.srcs/constrs_1/new/project_tomato_CH.xdc:41]
CRITICAL WARNING: [Common 17-55] 'set_property' expects at least one object. [C:/Users/Administrator/Desktop/Vivado/project_tomato_Chuheng/project_tomato_Chuheng.srcs/constrs_1/new/project_tomato_CH.xdc:41]
Resolution: If [get_<value>] was used to populate the object, check to make sure this command returns at least one valid object.
WARNING: [Vivado 12-584] No ports matched 'an[4]'. [C:/Users/Administrator/Desktop/Vivado/project_tomato_Chuheng/project_tomato_Chuheng.srcs/constrs_1/new/project_tomato_CH.xdc:42]
CRITICAL WARNING: [Common 17-55] 'set_property' expects at least one object. [C:/Users/Administrator/Desktop/Vivado/project_tomato_Chuheng/project_tomato_Chuheng.srcs/constrs_1/new/project_tomato_CH.xdc:42]
Resolution: If [get_<value>] was used to populate the object, check to make sure this command returns at least one valid object.
WARNING: [Vivado 12-584] No ports matched 'an[3]'. [C:/Users/Administrator/Desktop/Vivado/project_tomato_Chuheng/project_tomato_Chuheng.srcs/constrs_1/new/project_tomato_CH.xdc:43]
CRITICAL WARNING: [Common 17-55] 'set_property' expects at least one object. [C:/Users/Administrator/Desktop/Vivado/project_tomato_Chuheng/project_tomato_Chuheng.srcs/constrs_1/new/project_tomato_CH.xdc:43]
Resolution: If [get_<value>] was used to populate the object, check to make sure this command returns at least one valid object.
WARNING: [Vivado 12-584] No ports matched 'an[2]'. [C:/Users/Administrator/Desktop/Vivado/project_tomato_Chuheng/project_tomato_Chuheng.srcs/constrs_1/new/project_tomato_CH.xdc:44]
CRITICAL WARNING: [Common 17-55] 'set_property' expects at least one object. [C:/Users/Administrator/Desktop/Vivado/project_tomato_Chuheng/project_tomato_Chuheng.srcs/constrs_1/new/project_tomato_CH.xdc:44]
Resolution: If [get_<value>] was used to populate the object, check to make sure this command returns at least one valid object.
WARNING: [Vivado 12-584] No ports matched 'an[1]'. [C:/Users/Administrator/Desktop/Vivado/project_tomato_Chuheng/project_tomato_Chuheng.srcs/constrs_1/new/project_tomato_CH.xdc:45]
CRITICAL WARNING: [Common 17-55] 'set_property' expects at least one object. [C:/Users/Administrator/Desktop/Vivado/project_tomato_Chuheng/project_tomato_Chuheng.srcs/constrs_1/new/project_tomato_CH.xdc:45]
Resolution: If [get_<value>] was used to populate the object, check to make sure this command returns at least one valid object.
WARNING: [Vivado 12-584] No ports matched 'an[0]'. [C:/Users/Administrator/Desktop/Vivado/project_tomato_Chuheng/project_tomato_Chuheng.srcs/constrs_1/new/project_tomato_CH.xdc:46]
CRITICAL WARNING: [Common 17-55] 'set_property' expects at least one object. [C:/Users/Administrator/Desktop/Vivado/project_tomato_Chuheng/project_tomato_Chuheng.srcs/constrs_1/new/project_tomato_CH.xdc:46]
Resolution: If [get_<value>] was used to populate the object, check to make sure this command returns at least one valid object.
Finished Parsing XDC File [C:/Users/Administrator/Desktop/Vivado/project_tomato_Chuheng/project_tomato_Chuheng.srcs/constrs_1/new/project_tomato_CH.xdc]
Completed Processing XDC Constraints

INFO: [Opt 31-138] Pushed 0 inverter(s) to 0 load pin(s).
Netlist sorting complete. Time (s): cpu = 00:00:00 ; elapsed = 00:00:00.001 . Memory (MB): peak = 1127.004 ; gain = 0.000
INFO: [Project 1-111] Unisim Transformation Summary:
No Unisim elements were transformed.

RTL Elaboration Complete:  : Time (s): cpu = 00:00:19 ; elapsed = 00:00:19 . Memory (MB): peak = 1178.574 ; gain = 476.535
40 Infos, 64 Warnings, 37 Critical Warnings and 0 Errors encountered.
synth_design completed successfully
synth_design: Time (s): cpu = 00:00:19 ; elapsed = 00:00:19 . Memory (MB): peak = 1178.574 ; gain = 476.535
exit
INFO: [Common 17-206] Exiting Vivado at Thu Dec  2 21:48:57 2021...
